  [1m[35m (0.1ms)[0m  [1m[34mSELECT sqlite_version(*)[0m
  ↳ /home/tchowski/.rbenv/versions/2.6.2/bin/rake:23
  [1m[35m (180.4ms)[0m  [1m[35mCREATE TABLE "schema_migrations" ("version" varchar NOT NULL PRIMARY KEY)[0m
  ↳ /home/tchowski/.rbenv/versions/2.6.2/bin/rake:23
  [1m[35m (183.7ms)[0m  [1m[35mCREATE TABLE "ar_internal_metadata" ("key" varchar NOT NULL PRIMARY KEY, "value" varchar, "created_at" datetime NOT NULL, "updated_at" datetime NOT NULL)[0m
  ↳ /home/tchowski/.rbenv/versions/2.6.2/bin/rake:23
  [1m[35m (0.1ms)[0m  [1m[34mSELECT "schema_migrations"."version" FROM "schema_migrations" ORDER BY "schema_migrations"."version" ASC[0m
  ↳ /home/tchowski/.rbenv/versions/2.6.2/bin/rake:23
Migrating to CreateUsers (20190528151159)
  [1m[35m (0.0ms)[0m  [1m[36mbegin transaction[0m
  ↳ /home/tchowski/.rbenv/versions/2.6.2/bin/rake:23
  [1m[35m (0.2ms)[0m  [1m[35mCREATE TABLE "users" ("id" integer PRIMARY KEY AUTOINCREMENT NOT NULL, "pseudo" varchar, "password_digest" varchar, "created_at" datetime NOT NULL, "updated_at" datetime NOT NULL)[0m
  ↳ db/migrate/20190528151159_create_users.rb:3
  [1m[36mActiveRecord::SchemaMigration Create (0.1ms)[0m  [1m[32mINSERT INTO "schema_migrations" ("version") VALUES (?)[0m  [["version", "20190528151159"]]
  ↳ /home/tchowski/.rbenv/versions/2.6.2/bin/rake:23
  [1m[35m (182.9ms)[0m  [1m[36mcommit transaction[0m
  ↳ /home/tchowski/.rbenv/versions/2.6.2/bin/rake:23
  [1m[36mActiveRecord::InternalMetadata Load (0.2ms)[0m  [1m[34mSELECT  "ar_internal_metadata".* FROM "ar_internal_metadata" WHERE "ar_internal_metadata"."key" = ? LIMIT ?[0m  [["key", "environment"], ["LIMIT", 1]]
  ↳ /home/tchowski/.rbenv/versions/2.6.2/bin/rake:23
  [1m[35m (0.0ms)[0m  [1m[36mbegin transaction[0m
  ↳ /home/tchowski/.rbenv/versions/2.6.2/bin/rake:23
  [1m[36mActiveRecord::InternalMetadata Create (0.2ms)[0m  [1m[32mINSERT INTO "ar_internal_metadata" ("key", "value", "created_at", "updated_at") VALUES (?, ?, ?, ?)[0m  [["key", "environment"], ["value", "development"], ["created_at", "2019-05-28 15:14:36.677529"], ["updated_at", "2019-05-28 15:14:36.677529"]]
  ↳ /home/tchowski/.rbenv/versions/2.6.2/bin/rake:23
  [1m[35m (106.4ms)[0m  [1m[36mcommit transaction[0m
  ↳ /home/tchowski/.rbenv/versions/2.6.2/bin/rake:23
  [1m[35m (0.1ms)[0m  [1m[34mSELECT "schema_migrations"."version" FROM "schema_migrations" ORDER BY "schema_migrations"."version" ASC[0m
  ↳ /home/tchowski/.rbenv/versions/2.6.2/bin/rake:23
  [1m[35m (0.1ms)[0m  [1m[36mbegin transaction[0m
  [1m[36mUser Exists (0.1ms)[0m  [1m[34mSELECT  1 AS one FROM "users" WHERE "users"."pseudo" = ? LIMIT ?[0m  [["pseudo", "Tchowski"], ["LIMIT", 1]]
  [1m[36mUser Create (0.2ms)[0m  [1m[32mINSERT INTO "users" ("pseudo", "password_digest", "created_at", "updated_at") VALUES (?, ?, ?, ?)[0m  [["pseudo", "Tchowski"], ["password_digest", "$2a$10$HtW2uhGCqchD0IRwnhr07eJasqw.iC39dKzGPkWJcSTNq.aXi/dae"], ["created_at", "2019-05-28 15:15:42.909707"], ["updated_at", "2019-05-28 15:15:42.909707"]]
  [1m[35m (149.8ms)[0m  [1m[36mcommit transaction[0m
Started GET "/sessions" for ::1 at 2019-05-28 17:40:17 +0200
  [1m[35m (0.1ms)[0m  [1m[34mSELECT "schema_migrations"."version" FROM "schema_migrations" ORDER BY "schema_migrations"."version" ASC[0m
  ↳ /home/tchowski/.rbenv/versions/2.6.2/lib/ruby/gems/2.6.0/gems/activerecord-5.2.3/lib/active_record/log_subscriber.rb:98
  
ActionController::RoutingError (No route matches [GET] "/sessions"):
  
actionpack (5.2.3) lib/action_dispatch/middleware/debug_exceptions.rb:65:in `call'
web-console (3.7.0) lib/web_console/middleware.rb:135:in `call_app'
web-console (3.7.0) lib/web_console/middleware.rb:30:in `block in call'
web-console (3.7.0) lib/web_console/middleware.rb:20:in `catch'
web-console (3.7.0) lib/web_console/middleware.rb:20:in `call'
actionpack (5.2.3) lib/action_dispatch/middleware/show_exceptions.rb:33:in `call'
railties (5.2.3) lib/rails/rack/logger.rb:38:in `call_app'
railties (5.2.3) lib/rails/rack/logger.rb:26:in `block in call'
activesupport (5.2.3) lib/active_support/tagged_logging.rb:71:in `block in tagged'
activesupport (5.2.3) lib/active_support/tagged_logging.rb:28:in `tagged'
activesupport (5.2.3) lib/active_support/tagged_logging.rb:71:in `tagged'
railties (5.2.3) lib/rails/rack/logger.rb:26:in `call'
sprockets-rails (3.2.1) lib/sprockets/rails/quiet_assets.rb:13:in `call'
actionpack (5.2.3) lib/action_dispatch/middleware/remote_ip.rb:81:in `call'
actionpack (5.2.3) lib/action_dispatch/middleware/request_id.rb:27:in `call'
rack (2.0.7) lib/rack/method_override.rb:22:in `call'
rack (2.0.7) lib/rack/runtime.rb:22:in `call'
activesupport (5.2.3) lib/active_support/cache/strategy/local_cache_middleware.rb:29:in `call'
actionpack (5.2.3) lib/action_dispatch/middleware/executor.rb:14:in `call'
actionpack (5.2.3) lib/action_dispatch/middleware/static.rb:127:in `call'
rack (2.0.7) lib/rack/sendfile.rb:111:in `call'
rack-cors (1.0.3) lib/rack/cors.rb:95:in `call'
railties (5.2.3) lib/rails/engine.rb:524:in `call'
puma (3.12.1) lib/puma/configuration.rb:227:in `call'
puma (3.12.1) lib/puma/server.rb:660:in `handle_request'
puma (3.12.1) lib/puma/server.rb:474:in `process_client'
puma (3.12.1) lib/puma/server.rb:334:in `block in run'
puma (3.12.1) lib/puma/thread_pool.rb:135:in `block in spawn_thread'
  [1m[36mUser Load (0.2ms)[0m  [1m[34mSELECT  "users".* FROM "users" LIMIT ?[0m  [["LIMIT", 11]]
Started GET "/logged_in" for ::1 at 2019-05-28 17:43:33 +0200
  [1m[35m (0.3ms)[0m  [1m[34mSELECT "schema_migrations"."version" FROM "schema_migrations" ORDER BY "schema_migrations"."version" ASC[0m
  ↳ /home/tchowski/.rbenv/versions/2.6.2/lib/ruby/gems/2.6.0/gems/activerecord-5.2.3/lib/active_record/log_subscriber.rb:98
Processing by SessionsController#logged_in as */*
Completed 200 OK in 4ms (Views: 0.2ms | ActiveRecord: 0.0ms)


Started GET "/sessions" for ::1 at 2019-05-28 17:46:55 +0200
  [1m[35m (0.1ms)[0m  [1m[34mSELECT "schema_migrations"."version" FROM "schema_migrations" ORDER BY "schema_migrations"."version" ASC[0m
  ↳ /home/tchowski/.rbenv/versions/2.6.2/lib/ruby/gems/2.6.0/gems/activerecord-5.2.3/lib/active_record/log_subscriber.rb:98
  
ActionController::RoutingError (No route matches [GET] "/sessions"):
  
actionpack (5.2.3) lib/action_dispatch/middleware/debug_exceptions.rb:65:in `call'
web-console (3.7.0) lib/web_console/middleware.rb:135:in `call_app'
web-console (3.7.0) lib/web_console/middleware.rb:30:in `block in call'
web-console (3.7.0) lib/web_console/middleware.rb:20:in `catch'
web-console (3.7.0) lib/web_console/middleware.rb:20:in `call'
actionpack (5.2.3) lib/action_dispatch/middleware/show_exceptions.rb:33:in `call'
railties (5.2.3) lib/rails/rack/logger.rb:38:in `call_app'
railties (5.2.3) lib/rails/rack/logger.rb:26:in `block in call'
activesupport (5.2.3) lib/active_support/tagged_logging.rb:71:in `block in tagged'
activesupport (5.2.3) lib/active_support/tagged_logging.rb:28:in `tagged'
activesupport (5.2.3) lib/active_support/tagged_logging.rb:71:in `tagged'
railties (5.2.3) lib/rails/rack/logger.rb:26:in `call'
sprockets-rails (3.2.1) lib/sprockets/rails/quiet_assets.rb:13:in `call'
actionpack (5.2.3) lib/action_dispatch/middleware/remote_ip.rb:81:in `call'
actionpack (5.2.3) lib/action_dispatch/middleware/request_id.rb:27:in `call'
rack (2.0.7) lib/rack/method_override.rb:22:in `call'
rack (2.0.7) lib/rack/runtime.rb:22:in `call'
activesupport (5.2.3) lib/active_support/cache/strategy/local_cache_middleware.rb:29:in `call'
actionpack (5.2.3) lib/action_dispatch/middleware/executor.rb:14:in `call'
actionpack (5.2.3) lib/action_dispatch/middleware/static.rb:127:in `call'
rack (2.0.7) lib/rack/sendfile.rb:111:in `call'
rack-cors (1.0.3) lib/rack/cors.rb:95:in `call'
railties (5.2.3) lib/rails/engine.rb:524:in `call'
puma (3.12.1) lib/puma/configuration.rb:227:in `call'
puma (3.12.1) lib/puma/server.rb:660:in `handle_request'
puma (3.12.1) lib/puma/server.rb:474:in `process_client'
puma (3.12.1) lib/puma/server.rb:334:in `block in run'
puma (3.12.1) lib/puma/thread_pool.rb:135:in `block in spawn_thread'
Started GET "/registrations" for ::1 at 2019-05-28 17:47:40 +0200
  
ActionController::RoutingError (No route matches [GET] "/registrations"):
  
actionpack (5.2.3) lib/action_dispatch/middleware/debug_exceptions.rb:65:in `call'
web-console (3.7.0) lib/web_console/middleware.rb:135:in `call_app'
web-console (3.7.0) lib/web_console/middleware.rb:30:in `block in call'
web-console (3.7.0) lib/web_console/middleware.rb:20:in `catch'
web-console (3.7.0) lib/web_console/middleware.rb:20:in `call'
actionpack (5.2.3) lib/action_dispatch/middleware/show_exceptions.rb:33:in `call'
railties (5.2.3) lib/rails/rack/logger.rb:38:in `call_app'
railties (5.2.3) lib/rails/rack/logger.rb:26:in `block in call'
activesupport (5.2.3) lib/active_support/tagged_logging.rb:71:in `block in tagged'
activesupport (5.2.3) lib/active_support/tagged_logging.rb:28:in `tagged'
activesupport (5.2.3) lib/active_support/tagged_logging.rb:71:in `tagged'
railties (5.2.3) lib/rails/rack/logger.rb:26:in `call'
sprockets-rails (3.2.1) lib/sprockets/rails/quiet_assets.rb:13:in `call'
actionpack (5.2.3) lib/action_dispatch/middleware/remote_ip.rb:81:in `call'
actionpack (5.2.3) lib/action_dispatch/middleware/request_id.rb:27:in `call'
rack (2.0.7) lib/rack/method_override.rb:22:in `call'
rack (2.0.7) lib/rack/runtime.rb:22:in `call'
activesupport (5.2.3) lib/active_support/cache/strategy/local_cache_middleware.rb:29:in `call'
actionpack (5.2.3) lib/action_dispatch/middleware/executor.rb:14:in `call'
actionpack (5.2.3) lib/action_dispatch/middleware/static.rb:127:in `call'
rack (2.0.7) lib/rack/sendfile.rb:111:in `call'
rack-cors (1.0.3) lib/rack/cors.rb:95:in `call'
railties (5.2.3) lib/rails/engine.rb:524:in `call'
puma (3.12.1) lib/puma/configuration.rb:227:in `call'
puma (3.12.1) lib/puma/server.rb:660:in `handle_request'
puma (3.12.1) lib/puma/server.rb:474:in `process_client'
puma (3.12.1) lib/puma/server.rb:334:in `block in run'
puma (3.12.1) lib/puma/thread_pool.rb:135:in `block in spawn_thread'
Started POST "/sessions" for ::1 at 2019-05-28 17:51:26 +0200
Processing by SessionsController#create as */*
  Parameters: {"user"=>{"pseudo"=>"Tchowski", "password"=>"[FILTERED]"}, "session"=>{"user"=>{"pseudo"=>"Tchowski", "password"=>"[FILTERED]"}}}
  [1m[36mUser Load (0.2ms)[0m  [1m[34mSELECT  "users".* FROM "users" WHERE "users"."pseudo" = ? LIMIT ?[0m  [["pseudo", "Tchowski"], ["LIMIT", 1]]
  ↳ app/controllers/sessions_controller.rb:6
Completed 200 OK in 60ms (Views: 0.4ms | ActiveRecord: 0.8ms)


Started GET "/logged_in" for ::1 at 2019-05-28 17:53:22 +0200
Processing by SessionsController#logged_in as */*
  [1m[36mUser Load (0.2ms)[0m  [1m[34mSELECT  "users".* FROM "users" WHERE "users"."id" = ? LIMIT ?[0m  [["id", 1], ["LIMIT", 1]]
  ↳ app/controllers/concerns/current_user_concern.rb:12
Completed 200 OK in 2ms (Views: 0.3ms | ActiveRecord: 0.2ms)


Started POST "/sessions" for ::1 at 2019-05-28 17:54:36 +0200
Processing by SessionsController#create as */*
  Parameters: {"user"=>{"pseudo"=>"Tchowsk", "password"=>"[FILTERED]"}, "session"=>{"user"=>{"pseudo"=>"Tchowsk", "password"=>"[FILTERED]"}}}
  [1m[36mUser Load (0.1ms)[0m  [1m[34mSELECT  "users".* FROM "users" WHERE "users"."id" = ? LIMIT ?[0m  [["id", 1], ["LIMIT", 1]]
  ↳ app/controllers/concerns/current_user_concern.rb:12
  [1m[36mUser Load (0.1ms)[0m  [1m[34mSELECT  "users".* FROM "users" WHERE "users"."pseudo" = ? LIMIT ?[0m  [["pseudo", "Tchowsk"], ["LIMIT", 1]]
  ↳ app/controllers/sessions_controller.rb:6
Completed 200 OK in 2ms (Views: 0.2ms | ActiveRecord: 0.2ms)


Started POST "/sessions" for ::1 at 2019-05-28 17:55:30 +0200
Processing by SessionsController#create as */*
  Parameters: {"user"=>{"pseudo"=>"Tchowski", "password"=>"[FILTERED]"}, "session"=>{"user"=>{"pseudo"=>"Tchowski", "password"=>"[FILTERED]"}}}
  [1m[36mUser Load (0.1ms)[0m  [1m[34mSELECT  "users".* FROM "users" WHERE "users"."id" = ? LIMIT ?[0m  [["id", 1], ["LIMIT", 1]]
  ↳ app/controllers/concerns/current_user_concern.rb:12
  [1m[36mUser Load (0.1ms)[0m  [1m[34mSELECT  "users".* FROM "users" WHERE "users"."pseudo" = ? LIMIT ?[0m  [["pseudo", "Tchowski"], ["LIMIT", 1]]
  ↳ app/controllers/sessions_controller.rb:6
Completed 200 OK in 53ms (Views: 0.3ms | ActiveRecord: 0.2ms)


Started POST "/registrations" for ::1 at 2019-05-28 17:58:40 +0200
Processing by RegistrationsController#create as */*
  Parameters: {"user"=>{"pseudo"=>"Tchowski", "password"=>"[FILTERED]"}, "registration"=>{"user"=>{"pseudo"=>"Tchowski", "password"=>"[FILTERED]"}}}
  [1m[35m (0.0ms)[0m  [1m[36mbegin transaction[0m
  ↳ app/controllers/registrations_controller.rb:5
  [1m[36mUser Exists (0.1ms)[0m  [1m[34mSELECT  1 AS one FROM "users" WHERE "users"."pseudo" = ? LIMIT ?[0m  [["pseudo", "Tchowski"], ["LIMIT", 1]]
  ↳ app/controllers/registrations_controller.rb:5
  [1m[35m (0.1ms)[0m  [1m[31mrollback transaction[0m
  ↳ app/controllers/registrations_controller.rb:5
Completed 422 Unprocessable Entity in 131ms (ActiveRecord: 0.2ms)


  
ActiveRecord::RecordInvalid (Validation failed: Pseudo has already been taken):
  
app/controllers/registrations_controller.rb:5:in `create'
Started POST "/sessions" for ::1 at 2019-05-28 19:18:53 +0200
  [1m[35m (0.1ms)[0m  [1m[34mSELECT "schema_migrations"."version" FROM "schema_migrations" ORDER BY "schema_migrations"."version" ASC[0m
  ↳ /home/tchowski/.rbenv/versions/2.6.2/lib/ruby/gems/2.6.0/gems/activerecord-5.2.3/lib/active_record/log_subscriber.rb:98
Processing by SessionsController#create as */*
  Parameters: {"user"=>{"pseudo"=>"Tchowski", "password"=>"[FILTERED]"}, "session"=>{"user"=>{"pseudo"=>"Tchowski", "password"=>"[FILTERED]"}}}
  [1m[36mUser Load (0.1ms)[0m  [1m[34mSELECT  "users".* FROM "users" WHERE "users"."id" = ? LIMIT ?[0m  [["id", 1], ["LIMIT", 1]]
  ↳ app/controllers/concerns/current_user_concern.rb:12
  [1m[36mUser Load (0.1ms)[0m  [1m[34mSELECT  "users".* FROM "users" WHERE "users"."pseudo" = ? LIMIT ?[0m  [["pseudo", "Tchowski"], ["LIMIT", 1]]
  ↳ app/controllers/sessions_controller.rb:6
Completed 200 OK in 77ms (Views: 0.3ms | ActiveRecord: 0.5ms)


Started GET "/logged_in" for ::1 at 2019-05-30 17:45:53 +0200
  [1m[35m (0.1ms)[0m  [1m[34mSELECT "schema_migrations"."version" FROM "schema_migrations" ORDER BY "schema_migrations"."version" ASC[0m
  ↳ /home/tchowski/.rbenv/versions/2.6.2/lib/ruby/gems/2.6.0/gems/activerecord-5.2.3/lib/active_record/log_subscriber.rb:98
Processing by SessionsController#logged_in as */*
  [1m[36mUser Load (0.1ms)[0m  [1m[34mSELECT  "users".* FROM "users" WHERE "users"."id" = ? LIMIT ?[0m  [["id", 1], ["LIMIT", 1]]
  ↳ app/controllers/concerns/current_user_concern.rb:12
Completed 200 OK in 128ms (Views: 0.4ms | ActiveRecord: 0.6ms)


Started POST "/sessions" for ::1 at 2019-05-30 17:46:00 +0200
Processing by SessionsController#create as */*
  Parameters: {"user"=>{"pseudo"=>"Tchowski", "password"=>"[FILTERED]"}, "session"=>{"user"=>{"pseudo"=>"Tchowski", "password"=>"[FILTERED]"}}}
  [1m[36mUser Load (0.1ms)[0m  [1m[34mSELECT  "users".* FROM "users" WHERE "users"."id" = ? LIMIT ?[0m  [["id", 1], ["LIMIT", 1]]
  ↳ app/controllers/concerns/current_user_concern.rb:12
  [1m[36mUser Load (0.2ms)[0m  [1m[34mSELECT  "users".* FROM "users" WHERE "users"."pseudo" = ? LIMIT ?[0m  [["pseudo", "Tchowski"], ["LIMIT", 1]]
  ↳ app/controllers/sessions_controller.rb:6
Completed 200 OK in 57ms (Views: 0.7ms | ActiveRecord: 0.3ms)


Started GET "/logged_in" for ::1 at 2019-05-30 17:47:18 +0200
Processing by SessionsController#logged_in as */*
  [1m[36mUser Load (0.1ms)[0m  [1m[34mSELECT  "users".* FROM "users" WHERE "users"."id" = ? LIMIT ?[0m  [["id", 1], ["LIMIT", 1]]
  ↳ app/controllers/concerns/current_user_concern.rb:12
Completed 200 OK in 3ms (Views: 1.1ms | ActiveRecord: 0.1ms)


Started GET "/logged_in" for ::1 at 2019-05-31 13:54:39 +0200
  [1m[35m (0.1ms)[0m  [1m[34mSELECT "schema_migrations"."version" FROM "schema_migrations" ORDER BY "schema_migrations"."version" ASC[0m
  ↳ /home/tchowski/.rbenv/versions/2.6.2/lib/ruby/gems/2.6.0/gems/activerecord-5.2.3/lib/active_record/log_subscriber.rb:98
Processing by SessionsController#logged_in as */*
  [1m[36mUser Load (0.2ms)[0m  [1m[34mSELECT  "users".* FROM "users" WHERE "users"."id" = ? LIMIT ?[0m  [["id", 1], ["LIMIT", 1]]
  ↳ app/controllers/concerns/current_user_concern.rb:12
Completed 200 OK in 24ms (Views: 0.3ms | ActiveRecord: 0.6ms)


Started GET "/logout" for ::1 at 2019-05-31 13:55:03 +0200
  
ActionController::RoutingError (No route matches [GET] "/logout"):
  
actionpack (5.2.3) lib/action_dispatch/middleware/debug_exceptions.rb:65:in `call'
web-console (3.7.0) lib/web_console/middleware.rb:135:in `call_app'
web-console (3.7.0) lib/web_console/middleware.rb:30:in `block in call'
web-console (3.7.0) lib/web_console/middleware.rb:20:in `catch'
web-console (3.7.0) lib/web_console/middleware.rb:20:in `call'
actionpack (5.2.3) lib/action_dispatch/middleware/show_exceptions.rb:33:in `call'
railties (5.2.3) lib/rails/rack/logger.rb:38:in `call_app'
railties (5.2.3) lib/rails/rack/logger.rb:26:in `block in call'
activesupport (5.2.3) lib/active_support/tagged_logging.rb:71:in `block in tagged'
activesupport (5.2.3) lib/active_support/tagged_logging.rb:28:in `tagged'
activesupport (5.2.3) lib/active_support/tagged_logging.rb:71:in `tagged'
railties (5.2.3) lib/rails/rack/logger.rb:26:in `call'
sprockets-rails (3.2.1) lib/sprockets/rails/quiet_assets.rb:13:in `call'
actionpack (5.2.3) lib/action_dispatch/middleware/remote_ip.rb:81:in `call'
actionpack (5.2.3) lib/action_dispatch/middleware/request_id.rb:27:in `call'
rack (2.0.7) lib/rack/method_override.rb:22:in `call'
rack (2.0.7) lib/rack/runtime.rb:22:in `call'
activesupport (5.2.3) lib/active_support/cache/strategy/local_cache_middleware.rb:29:in `call'
actionpack (5.2.3) lib/action_dispatch/middleware/executor.rb:14:in `call'
actionpack (5.2.3) lib/action_dispatch/middleware/static.rb:127:in `call'
rack (2.0.7) lib/rack/sendfile.rb:111:in `call'
rack-cors (1.0.3) lib/rack/cors.rb:95:in `call'
railties (5.2.3) lib/rails/engine.rb:524:in `call'
puma (3.12.1) lib/puma/configuration.rb:227:in `call'
puma (3.12.1) lib/puma/server.rb:660:in `handle_request'
puma (3.12.1) lib/puma/server.rb:474:in `process_client'
puma (3.12.1) lib/puma/server.rb:334:in `block in run'
puma (3.12.1) lib/puma/thread_pool.rb:135:in `block in spawn_thread'
Started GET "/logged_in" for ::1 at 2019-05-31 13:55:10 +0200
Processing by SessionsController#logged_in as */*
  [1m[36mUser Load (0.1ms)[0m  [1m[34mSELECT  "users".* FROM "users" WHERE "users"."id" = ? LIMIT ?[0m  [["id", 1], ["LIMIT", 1]]
  ↳ app/controllers/concerns/current_user_concern.rb:12
Completed 200 OK in 1ms (Views: 0.3ms | ActiveRecord: 0.1ms)


Started GET "/logout" for ::1 at 2019-05-31 13:55:33 +0200
  
ActionController::RoutingError (No route matches [GET] "/logout"):
  
actionpack (5.2.3) lib/action_dispatch/middleware/debug_exceptions.rb:65:in `call'
web-console (3.7.0) lib/web_console/middleware.rb:135:in `call_app'
web-console (3.7.0) lib/web_console/middleware.rb:30:in `block in call'
web-console (3.7.0) lib/web_console/middleware.rb:20:in `catch'
web-console (3.7.0) lib/web_console/middleware.rb:20:in `call'
actionpack (5.2.3) lib/action_dispatch/middleware/show_exceptions.rb:33:in `call'
railties (5.2.3) lib/rails/rack/logger.rb:38:in `call_app'
railties (5.2.3) lib/rails/rack/logger.rb:26:in `block in call'
activesupport (5.2.3) lib/active_support/tagged_logging.rb:71:in `block in tagged'
activesupport (5.2.3) lib/active_support/tagged_logging.rb:28:in `tagged'
activesupport (5.2.3) lib/active_support/tagged_logging.rb:71:in `tagged'
railties (5.2.3) lib/rails/rack/logger.rb:26:in `call'
sprockets-rails (3.2.1) lib/sprockets/rails/quiet_assets.rb:13:in `call'
actionpack (5.2.3) lib/action_dispatch/middleware/remote_ip.rb:81:in `call'
actionpack (5.2.3) lib/action_dispatch/middleware/request_id.rb:27:in `call'
rack (2.0.7) lib/rack/method_override.rb:22:in `call'
rack (2.0.7) lib/rack/runtime.rb:22:in `call'
activesupport (5.2.3) lib/active_support/cache/strategy/local_cache_middleware.rb:29:in `call'
actionpack (5.2.3) lib/action_dispatch/middleware/executor.rb:14:in `call'
actionpack (5.2.3) lib/action_dispatch/middleware/static.rb:127:in `call'
rack (2.0.7) lib/rack/sendfile.rb:111:in `call'
rack-cors (1.0.3) lib/rack/cors.rb:95:in `call'
railties (5.2.3) lib/rails/engine.rb:524:in `call'
puma (3.12.1) lib/puma/configuration.rb:227:in `call'
puma (3.12.1) lib/puma/server.rb:660:in `handle_request'
puma (3.12.1) lib/puma/server.rb:474:in `process_client'
puma (3.12.1) lib/puma/server.rb:334:in `block in run'
puma (3.12.1) lib/puma/thread_pool.rb:135:in `block in spawn_thread'
Started DELETE "/logout" for ::1 at 2019-05-31 13:55:49 +0200
Processing by SessionsController#logout as */*
  [1m[36mUser Load (0.1ms)[0m  [1m[34mSELECT  "users".* FROM "users" WHERE "users"."id" = ? LIMIT ?[0m  [["id", 1], ["LIMIT", 1]]
  ↳ app/controllers/concerns/current_user_concern.rb:12
Completed 200 OK in 1ms (Views: 0.2ms | ActiveRecord: 0.1ms)


Started GET "/logged_in" for ::1 at 2019-05-31 13:55:57 +0200
Processing by SessionsController#logged_in as */*
Completed 200 OK in 0ms (Views: 0.1ms | ActiveRecord: 0.0ms)


Started GET "/logged_in" for ::1 at 2019-05-31 16:26:15 +0200
  [1m[35m (0.1ms)[0m  [1m[34mSELECT "schema_migrations"."version" FROM "schema_migrations" ORDER BY "schema_migrations"."version" ASC[0m
  ↳ /home/tchowski/.rbenv/versions/2.6.2/lib/ruby/gems/2.6.0/gems/activerecord-5.2.3/lib/active_record/log_subscriber.rb:98
Processing by SessionsController#logged_in as */*
  Parameters: {"user"=>{"pseudo"=>"Tchowski", "password"=>"[FILTERED]"}, "session"=>{"user"=>{"pseudo"=>"Tchowski", "password"=>"[FILTERED]"}}}
Completed 200 OK in 4ms (Views: 0.1ms | ActiveRecord: 0.0ms)


Started POST "/registrations" for ::1 at 2019-05-31 16:29:28 +0200
  [1m[35m (0.1ms)[0m  [1m[34mSELECT "schema_migrations"."version" FROM "schema_migrations" ORDER BY "schema_migrations"."version" ASC[0m
  ↳ /home/tchowski/.rbenv/versions/2.6.2/lib/ruby/gems/2.6.0/gems/activerecord-5.2.3/lib/active_record/log_subscriber.rb:98
Processing by RegistrationsController#create as */*
  Parameters: {"user"=>{"pseudo"=>"Guillaume", "password"=>"[FILTERED]"}, "registration"=>{"user"=>{"pseudo"=>"Guillaume", "password"=>"[FILTERED]"}}}
  [1m[35m (0.0ms)[0m  [1m[36mbegin transaction[0m
  ↳ app/controllers/registrations_controller.rb:5
  [1m[36mUser Exists (0.2ms)[0m  [1m[34mSELECT  1 AS one FROM "users" WHERE "users"."pseudo" = ? LIMIT ?[0m  [["pseudo", "Guillaume"], ["LIMIT", 1]]
  ↳ app/controllers/registrations_controller.rb:5
  [1m[36mUser Create (15.0ms)[0m  [1m[32mINSERT INTO "users" ("pseudo", "password_digest", "created_at", "updated_at") VALUES (?, ?, ?, ?)[0m  [["pseudo", "Guillaume"], ["password_digest", "$2a$10$Q4rk7M0h2gNateopgYmwtOaYiLgsQb4rXvh3r.KjK5NOFuqZqGcLW"], ["created_at", "2019-05-31 14:29:28.415993"], ["updated_at", "2019-05-31 14:29:28.415993"]]
  ↳ app/controllers/registrations_controller.rb:5
  [1m[35m (159.1ms)[0m  [1m[36mcommit transaction[0m
  ↳ app/controllers/registrations_controller.rb:5
Completed 200 OK in 251ms (Views: 0.9ms | ActiveRecord: 174.7ms)


Started GET "/logged_in" for ::1 at 2019-05-31 16:29:53 +0200
Processing by SessionsController#logged_in as */*
  Parameters: {"user"=>{"pseudo"=>"Guillaume", "password"=>"[FILTERED]"}, "session"=>{"user"=>{"pseudo"=>"Guillaume", "password"=>"[FILTERED]"}}}
  [1m[36mUser Load (0.2ms)[0m  [1m[34mSELECT  "users".* FROM "users" WHERE "users"."id" = ? LIMIT ?[0m  [["id", 2], ["LIMIT", 1]]
  ↳ app/controllers/concerns/current_user_concern.rb:12
Completed 200 OK in 3ms (Views: 0.9ms | ActiveRecord: 0.2ms)


  [1m[35m (307.5ms)[0m  [1m[35mCREATE DATABASE "my_database_development" ENCODING = 'utf8'[0m
  ↳ /home/tchowski/.rbenv/versions/2.6.2/bin/rake:23
  [1m[35m (0.4ms)[0m  [1m[35mCREATE DATABASE "my_database_development" ENCODING = 'utf8'[0m
  ↳ /home/tchowski/.rbenv/versions/2.6.2/bin/rake:23
  [1m[35m (40.3ms)[0m  [1m[35mCREATE TABLE "schema_migrations" ("version" character varying NOT NULL PRIMARY KEY)[0m
  ↳ /home/tchowski/.rbenv/versions/2.6.2/bin/rake:23
  [1m[35m (7.9ms)[0m  [1m[35mCREATE TABLE "ar_internal_metadata" ("key" character varying NOT NULL PRIMARY KEY, "value" character varying, "created_at" timestamp NOT NULL, "updated_at" timestamp NOT NULL)[0m
  ↳ /home/tchowski/.rbenv/versions/2.6.2/bin/rake:23
  [1m[35m (0.2ms)[0m  [1m[34mSELECT pg_try_advisory_lock(5168794849566389475)[0m
  ↳ /home/tchowski/.rbenv/versions/2.6.2/bin/rake:23
  [1m[35m (0.3ms)[0m  [1m[34mSELECT "schema_migrations"."version" FROM "schema_migrations" ORDER BY "schema_migrations"."version" ASC[0m
  ↳ /home/tchowski/.rbenv/versions/2.6.2/bin/rake:23
Migrating to CreateUsers (20190528151159)
  [1m[35m (0.1ms)[0m  [1m[35mBEGIN[0m
  ↳ /home/tchowski/.rbenv/versions/2.6.2/bin/rake:23
  [1m[35m (8.1ms)[0m  [1m[35mCREATE TABLE "users" ("id" bigserial primary key, "pseudo" character varying, "password_digest" character varying, "created_at" timestamp NOT NULL, "updated_at" timestamp NOT NULL)[0m
  ↳ db/migrate/20190528151159_create_users.rb:3
  [1m[36mActiveRecord::SchemaMigration Create (0.3ms)[0m  [1m[32mINSERT INTO "schema_migrations" ("version") VALUES ($1) RETURNING "version"[0m  [["version", "20190528151159"]]
  ↳ /home/tchowski/.rbenv/versions/2.6.2/bin/rake:23
  [1m[35m (1.3ms)[0m  [1m[35mCOMMIT[0m
  ↳ /home/tchowski/.rbenv/versions/2.6.2/bin/rake:23
  [1m[36mActiveRecord::InternalMetadata Load (0.3ms)[0m  [1m[34mSELECT  "ar_internal_metadata".* FROM "ar_internal_metadata" WHERE "ar_internal_metadata"."key" = $1 LIMIT $2[0m  [["key", "environment"], ["LIMIT", 1]]
  ↳ /home/tchowski/.rbenv/versions/2.6.2/bin/rake:23
  [1m[35m (0.1ms)[0m  [1m[35mBEGIN[0m
  ↳ /home/tchowski/.rbenv/versions/2.6.2/bin/rake:23
  [1m[36mActiveRecord::InternalMetadata Create (20.8ms)[0m  [1m[32mINSERT INTO "ar_internal_metadata" ("key", "value", "created_at", "updated_at") VALUES ($1, $2, $3, $4) RETURNING "key"[0m  [["key", "environment"], ["value", "development"], ["created_at", "2019-06-14 12:12:00.459730"], ["updated_at", "2019-06-14 12:12:00.459730"]]
  ↳ /home/tchowski/.rbenv/versions/2.6.2/bin/rake:23
  [1m[35m (1.1ms)[0m  [1m[35mCOMMIT[0m
  ↳ /home/tchowski/.rbenv/versions/2.6.2/bin/rake:23
  [1m[35m (0.2ms)[0m  [1m[34mSELECT pg_advisory_unlock(5168794849566389475)[0m
  ↳ /home/tchowski/.rbenv/versions/2.6.2/bin/rake:23
  [1m[35m (0.2ms)[0m  [1m[34mSELECT "schema_migrations"."version" FROM "schema_migrations" ORDER BY "schema_migrations"."version" ASC[0m
  ↳ /home/tchowski/.rbenv/versions/2.6.2/bin/rake:23
Started POST "/registrations" for ::1 at 2019-06-14 15:03:58 +0200
  [1m[35m (0.4ms)[0m  [1m[34mSELECT "schema_migrations"."version" FROM "schema_migrations" ORDER BY "schema_migrations"."version" ASC[0m
  ↳ /home/tchowski/.rbenv/versions/2.6.2/lib/ruby/gems/2.6.0/gems/activerecord-5.2.3/lib/active_record/log_subscriber.rb:98
Processing by RegistrationsController#create as */*
  Parameters: {"user"=>{"pseudo"=>"Mathieu", "password"=>"[FILTERED]"}, "registration"=>{"user"=>{"pseudo"=>"Mathieu", "password"=>"[FILTERED]"}}}
  [1m[35m (0.2ms)[0m  [1m[35mBEGIN[0m
  ↳ app/controllers/registrations_controller.rb:5
  [1m[36mUser Exists (0.4ms)[0m  [1m[34mSELECT  1 AS one FROM "users" WHERE "users"."pseudo" = $1 LIMIT $2[0m  [["pseudo", "Mathieu"], ["LIMIT", 1]]
  ↳ app/controllers/registrations_controller.rb:5
  [1m[36mUser Create (0.3ms)[0m  [1m[32mINSERT INTO "users" ("pseudo", "password_digest", "created_at", "updated_at") VALUES ($1, $2, $3, $4) RETURNING "id"[0m  [["pseudo", "Mathieu"], ["password_digest", "$2a$10$fGhUSw1w66gV/LPZm1DEGO5S6GH7FUOtf/qIPSHH6gMm/jBLcAA.a"], ["created_at", "2019-06-14 13:03:59.589669"], ["updated_at", "2019-06-14 13:03:59.589669"]]
  ↳ app/controllers/registrations_controller.rb:5
  [1m[35m (7.0ms)[0m  [1m[35mCOMMIT[0m
  ↳ app/controllers/registrations_controller.rb:5
Completed 200 OK in 124ms (Views: 0.3ms | ActiveRecord: 27.3ms)


Started POST "/registrations" for ::1 at 2019-06-14 15:24:23 +0200
  [1m[35m (0.4ms)[0m  [1m[34mSELECT "schema_migrations"."version" FROM "schema_migrations" ORDER BY "schema_migrations"."version" ASC[0m
  ↳ /home/tchowski/.rbenv/versions/2.6.2/lib/ruby/gems/2.6.0/gems/activerecord-5.2.3/lib/active_record/log_subscriber.rb:98
Processing by RegistrationsController#create as */*
  Parameters: {"usr_data"=>{"user"=>{"username"=>"tchowski", "password"=>"[FILTERED]"}}}
Completed 500 Internal Server Error in 5ms (ActiveRecord: 0.0ms)


  
NoMethodError (undefined method `[]' for nil:NilClass):
  
app/controllers/registrations_controller.rb:6:in `create'
Started POST "/registrations" for ::1 at 2019-06-14 15:25:33 +0200
Processing by RegistrationsController#create as */*
  Parameters: {"user"=>{"username"=>"testa", "password"=>"[FILTERED]"}}
  [1m[35m (0.1ms)[0m  [1m[35mBEGIN[0m
  ↳ app/controllers/registrations_controller.rb:5
  [1m[36mUser Exists (0.4ms)[0m  [1m[34mSELECT  1 AS one FROM "users" WHERE "users"."pseudo" IS NULL LIMIT $1[0m  [["LIMIT", 1]]
  ↳ app/controllers/registrations_controller.rb:5
  [1m[35m (0.2ms)[0m  [1m[31mROLLBACK[0m
  ↳ app/controllers/registrations_controller.rb:5
Completed 422 Unprocessable Entity in 129ms (ActiveRecord: 2.6ms)


  
ActiveRecord::RecordInvalid (Validation failed: Pseudo can't be blank):
  
app/controllers/registrations_controller.rb:5:in `create'
Started POST "/registrations" for ::1 at 2019-06-14 15:26:55 +0200
Processing by RegistrationsController#create as */*
  Parameters: {"user"=>{"username"=>"Tchowski_test", "password"=>"[FILTERED]"}}
  [1m[35m (0.1ms)[0m  [1m[35mBEGIN[0m
  ↳ app/controllers/registrations_controller.rb:5
  [1m[36mUser Exists (0.1ms)[0m  [1m[34mSELECT  1 AS one FROM "users" WHERE "users"."pseudo" IS NULL LIMIT $1[0m  [["LIMIT", 1]]
  ↳ app/controllers/registrations_controller.rb:5
  [1m[35m (0.1ms)[0m  [1m[31mROLLBACK[0m
  ↳ app/controllers/registrations_controller.rb:5
Completed 422 Unprocessable Entity in 50ms (ActiveRecord: 0.3ms)


  
ActiveRecord::RecordInvalid (Validation failed: Pseudo can't be blank):
  
app/controllers/registrations_controller.rb:5:in `create'
Started POST "/registrations" for ::1 at 2019-06-14 15:27:06 +0200
Processing by RegistrationsController#create as */*
  Parameters: {"user"=>{"pseudo"=>"Tchowski_test", "password"=>"[FILTERED]"}}
  [1m[35m (0.1ms)[0m  [1m[35mBEGIN[0m
  ↳ app/controllers/registrations_controller.rb:5
  [1m[36mUser Exists (0.3ms)[0m  [1m[34mSELECT  1 AS one FROM "users" WHERE "users"."pseudo" = $1 LIMIT $2[0m  [["pseudo", "Tchowski_test"], ["LIMIT", 1]]
  ↳ app/controllers/registrations_controller.rb:5
  [1m[36mUser Create (0.3ms)[0m  [1m[32mINSERT INTO "users" ("pseudo", "password_digest", "created_at", "updated_at") VALUES ($1, $2, $3, $4) RETURNING "id"[0m  [["pseudo", "Tchowski_test"], ["password_digest", "$2a$10$Jw08GWdYGQFMnzNLxECVnerXsdDOZUfVd0vXwK5mxqtH602yutT2K"], ["created_at", "2019-06-14 13:27:06.310561"], ["updated_at", "2019-06-14 13:27:06.310561"]]
  ↳ app/controllers/registrations_controller.rb:5
  [1m[35m (6.5ms)[0m  [1m[35mCOMMIT[0m
  ↳ app/controllers/registrations_controller.rb:5
Completed 200 OK in 57ms (Views: 0.3ms | ActiveRecord: 7.1ms)


Started POST "/registrations" for ::1 at 2019-06-14 15:29:07 +0200
Processing by RegistrationsController#create as */*
  Parameters: {"user"=>{"pseudo"=>"Tchowski_test", "password"=>"[FILTERED]"}}
  [1m[35m (0.2ms)[0m  [1m[35mBEGIN[0m
  ↳ app/controllers/registrations_controller.rb:5
  [1m[36mUser Exists (0.3ms)[0m  [1m[34mSELECT  1 AS one FROM "users" WHERE "users"."pseudo" = $1 LIMIT $2[0m  [["pseudo", "Tchowski_test"], ["LIMIT", 1]]
  ↳ app/controllers/registrations_controller.rb:5
  [1m[35m (0.2ms)[0m  [1m[31mROLLBACK[0m
  ↳ app/controllers/registrations_controller.rb:5
Completed 422 Unprocessable Entity in 51ms (ActiveRecord: 0.6ms)


  
ActiveRecord::RecordInvalid (Validation failed: Pseudo has already been taken):
  
app/controllers/registrations_controller.rb:5:in `create'
Started GET "/logged_in" for ::1 at 2019-06-14 15:29:36 +0200
Processing by SessionsController#logged_in as */*
  Parameters: {"user"=>{"pseudo"=>"Mathieu", "password"=>"[FILTERED]"}, "session"=>{"user"=>{"pseudo"=>"Mathieu", "password"=>"[FILTERED]"}}}
  [1m[36mUser Load (0.2ms)[0m  [1m[34mSELECT  "users".* FROM "users" WHERE "users"."id" = $1 LIMIT $2[0m  [["id", 1], ["LIMIT", 1]]
  ↳ app/controllers/concerns/current_user_concern.rb:12
Completed 200 OK in 13ms (Views: 0.3ms | ActiveRecord: 0.3ms)


Started GET "/logged_in" for ::1 at 2019-06-14 15:32:03 +0200
Processing by SessionsController#logged_in as */*
  Parameters: {"session"=>{}}
  [1m[36mUser Load (0.2ms)[0m  [1m[34mSELECT  "users".* FROM "users" WHERE "users"."id" = $1 LIMIT $2[0m  [["id", 1], ["LIMIT", 1]]
  ↳ app/controllers/concerns/current_user_concern.rb:12
Completed 200 OK in 1ms (Views: 0.2ms | ActiveRecord: 0.2ms)


Started GET "/logged_in" for ::1 at 2019-06-14 15:34:10 +0200
Processing by SessionsController#logged_in as */*
Completed 200 OK in 0ms (Views: 0.1ms | ActiveRecord: 0.0ms)


Started GET "/logged_in" for ::1 at 2019-06-14 15:34:11 +0200
Processing by SessionsController#logged_in as */*
Completed 200 OK in 0ms (Views: 0.1ms | ActiveRecord: 0.0ms)


Started GET "/logged_in" for ::1 at 2019-06-14 15:34:18 +0200
Processing by SessionsController#logged_in as */*
Completed 200 OK in 0ms (Views: 0.1ms | ActiveRecord: 0.0ms)


Started GET "/logged_in" for ::1 at 2019-06-14 15:34:26 +0200
Processing by SessionsController#logged_in as */*
Completed 200 OK in 0ms (Views: 0.1ms | ActiveRecord: 0.0ms)


Started GET "/logged_in" for ::1 at 2019-06-14 15:34:42 +0200
Processing by SessionsController#logged_in as */*
Completed 200 OK in 1ms (Views: 0.2ms | ActiveRecord: 0.0ms)


Started GET "/logged_in" for ::1 at 2019-06-14 15:35:13 +0200
Processing by SessionsController#logged_in as */*
Completed 200 OK in 0ms (Views: 0.1ms | ActiveRecord: 0.0ms)


Started GET "/logged_in" for ::1 at 2019-06-14 15:37:28 +0200
Processing by SessionsController#logged_in as */*
Completed 200 OK in 0ms (Views: 0.1ms | ActiveRecord: 0.0ms)


Started GET "/logged_in" for ::1 at 2019-06-14 15:37:50 +0200
Processing by SessionsController#logged_in as */*
  Parameters: {"session"=>{}}
  [1m[36mUser Load (0.2ms)[0m  [1m[34mSELECT  "users".* FROM "users" WHERE "users"."id" = $1 LIMIT $2[0m  [["id", 1], ["LIMIT", 1]]
  ↳ app/controllers/concerns/current_user_concern.rb:12
Completed 200 OK in 1ms (Views: 0.4ms | ActiveRecord: 0.2ms)


Started GET "/logged_in" for ::1 at 2019-06-14 15:50:24 +0200
  [1m[35m (0.6ms)[0m  [1m[34mSELECT "schema_migrations"."version" FROM "schema_migrations" ORDER BY "schema_migrations"."version" ASC[0m
  ↳ /home/tchowski/.rbenv/versions/2.6.2/lib/ruby/gems/2.6.0/gems/activerecord-5.2.3/lib/active_record/log_subscriber.rb:98
Processing by SessionsController#logged_in as */*
Completed 200 OK in 3ms (Views: 0.1ms | ActiveRecord: 0.0ms)


Started GET "/logged_in" for ::1 at 2019-06-14 15:51:12 +0200
Processing by SessionsController#logged_in as */*
  Parameters: {"session"=>{}}
  [1m[36mUser Load (0.3ms)[0m  [1m[34mSELECT  "users".* FROM "users" WHERE "users"."id" = $1 LIMIT $2[0m  [["id", 1], ["LIMIT", 1]]
  ↳ app/controllers/concerns/current_user_concern.rb:12
Completed 200 OK in 57ms (Views: 1.1ms | ActiveRecord: 3.5ms)


Started GET "/logged_in" for ::1 at 2019-06-14 16:06:09 +0200
  [1m[35m (0.4ms)[0m  [1m[34mSELECT "schema_migrations"."version" FROM "schema_migrations" ORDER BY "schema_migrations"."version" ASC[0m
  ↳ /home/tchowski/.rbenv/versions/2.6.2/lib/ruby/gems/2.6.0/gems/activerecord-5.2.3/lib/active_record/log_subscriber.rb:98
Processing by SessionsController#logged_in as */*
Completed 200 OK in 3ms (Views: 0.1ms | ActiveRecord: 0.0ms)


Started GET "/logged_in" for ::1 at 2019-06-14 16:06:29 +0200
Processing by SessionsController#logged_in as */*
Completed 200 OK in 0ms (Views: 0.1ms | ActiveRecord: 0.0ms)


Started GET "/logged_in" for ::1 at 2019-06-14 16:06:55 +0200
Processing by SessionsController#logged_in as */*
Completed 200 OK in 0ms (Views: 0.1ms | ActiveRecord: 0.0ms)


Started GET "/logged_in" for ::1 at 2019-06-14 16:11:56 +0200
Processing by SessionsController#logged_in as */*
  Parameters: {"session"=>{}}
  [1m[36mUser Load (0.3ms)[0m  [1m[34mSELECT  "users".* FROM "users" WHERE "users"."id" = $1 LIMIT $2[0m  [["id", 1], ["LIMIT", 1]]
  ↳ app/controllers/concerns/current_user_concern.rb:12
Completed 200 OK in 71ms (Views: 0.4ms | ActiveRecord: 3.1ms)


Started GET "/logged_in" for ::1 at 2019-06-14 16:12:11 +0200
Processing by SessionsController#logged_in as */*
  [1m[36mUser Load (0.3ms)[0m  [1m[34mSELECT  "users".* FROM "users" WHERE "users"."id" = $1 LIMIT $2[0m  [["id", 1], ["LIMIT", 1]]
  ↳ app/controllers/concerns/current_user_concern.rb:12
Completed 200 OK in 2ms (Views: 0.4ms | ActiveRecord: 0.3ms)


